{"C:\\Users\\danac\\Desktop\\code\\appleseeds bootcamp\\weekend assigments\\todo\\index.js": {"path":"C:\\Users\\danac\\Desktop\\code\\appleseeds bootcamp\\weekend assigments\\todo\\index.js","statementMap":{"0":{"start":{"line":1,"column":16},"end":{"line":1,"column":44}},"1":{"start":{"line":2,"column":20},"end":{"line":2,"column":58}},"2":{"start":{"line":3,"column":20},"end":{"line":3,"column":58}},"3":{"start":{"line":4,"column":15},"end":{"line":12,"column":1}},"4":{"start":{"line":27,"column":1},"end":{"line":29,"column":4}},"5":{"start":{"line":28,"column":2},"end":{"line":28,"column":20}},"6":{"start":{"line":33,"column":12},"end":{"line":33,"column":40}},"7":{"start":{"line":34,"column":9},"end":{"line":34,"column":39}},"8":{"start":{"line":35,"column":1},"end":{"line":35,"column":31}},"9":{"start":{"line":36,"column":12},"end":{"line":36,"column":42}},"10":{"start":{"line":37,"column":1},"end":{"line":37,"column":30}},"11":{"start":{"line":38,"column":20},"end":{"line":38,"column":52}},"12":{"start":{"line":39,"column":1},"end":{"line":39,"column":37}},"13":{"start":{"line":40,"column":1},"end":{"line":40,"column":35}},"14":{"start":{"line":41,"column":1},"end":{"line":41,"column":37}},"15":{"start":{"line":42,"column":1},"end":{"line":45,"column":4}},"16":{"start":{"line":43,"column":2},"end":{"line":43,"column":22}},"17":{"start":{"line":44,"column":2},"end":{"line":44,"column":30}},"18":{"start":{"line":47,"column":20},"end":{"line":47,"column":52}},"19":{"start":{"line":48,"column":1},"end":{"line":48,"column":37}},"20":{"start":{"line":49,"column":1},"end":{"line":49,"column":35}},"21":{"start":{"line":50,"column":1},"end":{"line":50,"column":37}},"22":{"start":{"line":51,"column":1},"end":{"line":63,"column":4}},"23":{"start":{"line":52,"column":2},"end":{"line":52,"column":43}},"24":{"start":{"line":53,"column":23},"end":{"line":53,"column":66}},"25":{"start":{"line":54,"column":14},"end":{"line":54,"column":58}},"26":{"start":{"line":55,"column":2},"end":{"line":55,"column":30}},"27":{"start":{"line":56,"column":14},"end":{"line":56,"column":21}},"28":{"start":{"line":57,"column":2},"end":{"line":62,"column":5}},"29":{"start":{"line":58,"column":3},"end":{"line":58,"column":31}},"30":{"start":{"line":59,"column":3},"end":{"line":59,"column":28}},"31":{"start":{"line":60,"column":3},"end":{"line":60,"column":26}},"32":{"start":{"line":61,"column":3},"end":{"line":61,"column":17}},"33":{"start":{"line":65,"column":27},"end":{"line":65,"column":56}},"34":{"start":{"line":66,"column":1},"end":{"line":66,"column":47}},"35":{"start":{"line":67,"column":1},"end":{"line":67,"column":47}},"36":{"start":{"line":69,"column":16},"end":{"line":69,"column":47}},"37":{"start":{"line":70,"column":1},"end":{"line":70,"column":43}},"38":{"start":{"line":71,"column":1},"end":{"line":71,"column":36}},"39":{"start":{"line":73,"column":1},"end":{"line":73,"column":39}},"40":{"start":{"line":74,"column":1},"end":{"line":74,"column":24}},"41":{"start":{"line":75,"column":1},"end":{"line":75,"column":21}},"42":{"start":{"line":76,"column":1},"end":{"line":76,"column":28}},"43":{"start":{"line":77,"column":1},"end":{"line":84,"column":3}},"44":{"start":{"line":86,"column":1},"end":{"line":86,"column":29}},"45":{"start":{"line":87,"column":21},"end":{"line":87,"column":66}},"46":{"start":{"line":88,"column":1},"end":{"line":102,"column":4}},"47":{"start":{"line":89,"column":24},"end":{"line":89,"column":53}},"48":{"start":{"line":90,"column":2},"end":{"line":90,"column":31}},"49":{"start":{"line":91,"column":2},"end":{"line":100,"column":3}},"50":{"start":{"line":92,"column":3},"end":{"line":92,"column":25}},"51":{"start":{"line":93,"column":3},"end":{"line":93,"column":28}},"52":{"start":{"line":94,"column":9},"end":{"line":100,"column":3}},"53":{"start":{"line":95,"column":3},"end":{"line":95,"column":31}},"54":{"start":{"line":96,"column":3},"end":{"line":96,"column":34}},"55":{"start":{"line":98,"column":3},"end":{"line":98,"column":28}},"56":{"start":{"line":99,"column":3},"end":{"line":99,"column":31}},"57":{"start":{"line":101,"column":2},"end":{"line":101,"column":45}},"58":{"start":{"line":103,"column":1},"end":{"line":111,"column":4}},"59":{"start":{"line":104,"column":2},"end":{"line":110,"column":3}},"60":{"start":{"line":105,"column":3},"end":{"line":105,"column":46}},"61":{"start":{"line":106,"column":3},"end":{"line":106,"column":23}},"62":{"start":{"line":108,"column":3},"end":{"line":108,"column":38}},"63":{"start":{"line":109,"column":3},"end":{"line":109,"column":25}},"64":{"start":{"line":114,"column":16},"end":{"line":124,"column":1}},"65":{"start":{"line":115,"column":1},"end":{"line":119,"column":4}},"66":{"start":{"line":116,"column":2},"end":{"line":118,"column":3}},"67":{"start":{"line":117,"column":3},"end":{"line":117,"column":27}},"68":{"start":{"line":121,"column":12},"end":{"line":121,"column":59}},"69":{"start":{"line":122,"column":1},"end":{"line":122,"column":21}},"70":{"start":{"line":123,"column":1},"end":{"line":123,"column":13}},"71":{"start":{"line":126,"column":19},"end":{"line":134,"column":1}},"72":{"start":{"line":127,"column":1},"end":{"line":132,"column":4}},"73":{"start":{"line":128,"column":2},"end":{"line":131,"column":3}},"74":{"start":{"line":129,"column":3},"end":{"line":129,"column":29}},"75":{"start":{"line":130,"column":3},"end":{"line":130,"column":26}},"76":{"start":{"line":133,"column":1},"end":{"line":133,"column":33}},"77":{"start":{"line":137,"column":1},"end":{"line":137,"column":17}},"78":{"start":{"line":138,"column":1},"end":{"line":144,"column":4}},"79":{"start":{"line":139,"column":2},"end":{"line":143,"column":3}},"80":{"start":{"line":140,"column":3},"end":{"line":140,"column":24}},"81":{"start":{"line":141,"column":3},"end":{"line":141,"column":20}},"82":{"start":{"line":142,"column":3},"end":{"line":142,"column":10}},"83":{"start":{"line":148,"column":1},"end":{"line":153,"column":4}},"84":{"start":{"line":149,"column":2},"end":{"line":152,"column":3}},"85":{"start":{"line":150,"column":3},"end":{"line":150,"column":27}},"86":{"start":{"line":151,"column":3},"end":{"line":151,"column":10}},"87":{"start":{"line":154,"column":1},"end":{"line":154,"column":8}},"88":{"start":{"line":157,"column":19},"end":{"line":165,"column":1}},"89":{"start":{"line":158,"column":1},"end":{"line":163,"column":4}},"90":{"start":{"line":159,"column":2},"end":{"line":162,"column":3}},"91":{"start":{"line":160,"column":3},"end":{"line":160,"column":27}},"92":{"start":{"line":161,"column":3},"end":{"line":161,"column":10}},"93":{"start":{"line":164,"column":1},"end":{"line":164,"column":8}},"94":{"start":{"line":167,"column":21},"end":{"line":176,"column":1}},"95":{"start":{"line":168,"column":1},"end":{"line":173,"column":4}},"96":{"start":{"line":169,"column":2},"end":{"line":172,"column":3}},"97":{"start":{"line":170,"column":3},"end":{"line":170,"column":28}},"98":{"start":{"line":171,"column":3},"end":{"line":171,"column":15}},"99":{"start":{"line":175,"column":1},"end":{"line":175,"column":14}},"100":{"start":{"line":178,"column":17},"end":{"line":208,"column":1}},"101":{"start":{"line":179,"column":17},"end":{"line":179,"column":19}},"102":{"start":{"line":180,"column":9},"end":{"line":180,"column":10}},"103":{"start":{"line":181,"column":9},"end":{"line":181,"column":28}},"104":{"start":{"line":182,"column":1},"end":{"line":184,"column":2}},"105":{"start":{"line":183,"column":2},"end":{"line":183,"column":18}},"106":{"start":{"line":185,"column":1},"end":{"line":204,"column":2}},"107":{"start":{"line":186,"column":2},"end":{"line":186,"column":23}},"108":{"start":{"line":187,"column":2},"end":{"line":195,"column":5}},"109":{"start":{"line":188,"column":3},"end":{"line":194,"column":4}},"110":{"start":{"line":189,"column":4},"end":{"line":189,"column":33}},"111":{"start":{"line":190,"column":4},"end":{"line":190,"column":8}},"112":{"start":{"line":192,"column":4},"end":{"line":192,"column":33}},"113":{"start":{"line":193,"column":4},"end":{"line":193,"column":8}},"114":{"start":{"line":196,"column":8},"end":{"line":204,"column":2}},"115":{"start":{"line":197,"column":2},"end":{"line":199,"column":5}},"116":{"start":{"line":198,"column":3},"end":{"line":198,"column":27}},"117":{"start":{"line":201,"column":2},"end":{"line":203,"column":5}},"118":{"start":{"line":202,"column":3},"end":{"line":202,"column":39}},"119":{"start":{"line":205,"column":1},"end":{"line":205,"column":24}},"120":{"start":{"line":207,"column":1},"end":{"line":207,"column":18}},"121":{"start":{"line":211,"column":19},"end":{"line":211,"column":29}},"122":{"start":{"line":212,"column":1},"end":{"line":225,"column":3}},"123":{"start":{"line":228,"column":0},"end":{"line":263,"column":3}},"124":{"start":{"line":229,"column":17},"end":{"line":229,"column":47}},"125":{"start":{"line":230,"column":1},"end":{"line":232,"column":4}},"126":{"start":{"line":231,"column":2},"end":{"line":231,"column":43}},"127":{"start":{"line":234,"column":22},"end":{"line":234,"column":65}},"128":{"start":{"line":235,"column":1},"end":{"line":243,"column":4}},"129":{"start":{"line":236,"column":2},"end":{"line":236,"column":21}},"130":{"start":{"line":237,"column":14},"end":{"line":237,"column":58}},"131":{"start":{"line":238,"column":17},"end":{"line":238,"column":26}},"132":{"start":{"line":239,"column":13},"end":{"line":239,"column":72}},"133":{"start":{"line":240,"column":2},"end":{"line":240,"column":20}},"134":{"start":{"line":241,"column":2},"end":{"line":241,"column":40}},"135":{"start":{"line":242,"column":2},"end":{"line":242,"column":19}},"136":{"start":{"line":246,"column":2},"end":{"line":246,"column":21}},"137":{"start":{"line":248,"column":17},"end":{"line":248,"column":26}},"138":{"start":{"line":249,"column":2},"end":{"line":249,"column":43}},"139":{"start":{"line":250,"column":2},"end":{"line":250,"column":40}},"140":{"start":{"line":253,"column":15},"end":{"line":253,"column":46}},"141":{"start":{"line":254,"column":1},"end":{"line":262,"column":4}},"142":{"start":{"line":255,"column":17},"end":{"line":255,"column":56}},"143":{"start":{"line":256,"column":2},"end":{"line":256,"column":24}},"144":{"start":{"line":257,"column":20},"end":{"line":257,"column":38}},"145":{"start":{"line":258,"column":2},"end":{"line":258,"column":30}},"146":{"start":{"line":259,"column":2},"end":{"line":259,"column":27}},"147":{"start":{"line":260,"column":2},"end":{"line":260,"column":27}},"148":{"start":{"line":261,"column":2},"end":{"line":261,"column":16}},"149":{"start":{"line":265,"column":0},"end":{"line":265,"column":41}}},"fnMap":{"0":{"name":"displayList","decl":{"start":{"line":26,"column":9},"end":{"line":26,"column":20}},"loc":{"start":{"line":26,"column":23},"end":{"line":30,"column":1}},"line":26},"1":{"name":"(anonymous_1)","decl":{"start":{"line":27,"column":18},"end":{"line":27,"column":19}},"loc":{"start":{"line":27,"column":28},"end":{"line":29,"column":2}},"line":27},"2":{"name":"displayItem","decl":{"start":{"line":32,"column":9},"end":{"line":32,"column":20}},"loc":{"start":{"line":32,"column":27},"end":{"line":112,"column":1}},"line":32},"3":{"name":"(anonymous_3)","decl":{"start":{"line":42,"column":40},"end":{"line":42,"column":41}},"loc":{"start":{"line":42,"column":46},"end":{"line":45,"column":2}},"line":42},"4":{"name":"(anonymous_4)","decl":{"start":{"line":51,"column":40},"end":{"line":51,"column":41}},"loc":{"start":{"line":51,"column":46},"end":{"line":63,"column":2}},"line":51},"5":{"name":"(anonymous_5)","decl":{"start":{"line":57,"column":44},"end":{"line":57,"column":45}},"loc":{"start":{"line":57,"column":51},"end":{"line":62,"column":3}},"line":57},"6":{"name":"(anonymous_6)","decl":{"start":{"line":88,"column":41},"end":{"line":88,"column":42}},"loc":{"start":{"line":88,"column":48},"end":{"line":102,"column":2}},"line":88},"7":{"name":"(anonymous_7)","decl":{"start":{"line":103,"column":37},"end":{"line":103,"column":38}},"loc":{"start":{"line":103,"column":44},"end":{"line":111,"column":2}},"line":103},"8":{"name":"(anonymous_8)","decl":{"start":{"line":114,"column":16},"end":{"line":114,"column":17}},"loc":{"start":{"line":114,"column":65},"end":{"line":124,"column":1}},"line":114},"9":{"name":"(anonymous_9)","decl":{"start":{"line":115,"column":18},"end":{"line":115,"column":19}},"loc":{"start":{"line":115,"column":28},"end":{"line":119,"column":2}},"line":115},"10":{"name":"(anonymous_10)","decl":{"start":{"line":126,"column":19},"end":{"line":126,"column":20}},"loc":{"start":{"line":126,"column":27},"end":{"line":134,"column":1}},"line":126},"11":{"name":"(anonymous_11)","decl":{"start":{"line":127,"column":18},"end":{"line":127,"column":19}},"loc":{"start":{"line":127,"column":35},"end":{"line":132,"column":2}},"line":127},"12":{"name":"updateItem","decl":{"start":{"line":136,"column":9},"end":{"line":136,"column":19}},"loc":{"start":{"line":136,"column":36},"end":{"line":145,"column":1}},"line":136},"13":{"name":"(anonymous_13)","decl":{"start":{"line":138,"column":18},"end":{"line":138,"column":19}},"loc":{"start":{"line":138,"column":28},"end":{"line":144,"column":2}},"line":138},"14":{"name":"updatePrioritize","decl":{"start":{"line":147,"column":9},"end":{"line":147,"column":25}},"loc":{"start":{"line":147,"column":37},"end":{"line":155,"column":1}},"line":147},"15":{"name":"(anonymous_15)","decl":{"start":{"line":148,"column":18},"end":{"line":148,"column":19}},"loc":{"start":{"line":148,"column":28},"end":{"line":153,"column":2}},"line":148},"16":{"name":"(anonymous_16)","decl":{"start":{"line":157,"column":19},"end":{"line":157,"column":20}},"loc":{"start":{"line":157,"column":27},"end":{"line":165,"column":1}},"line":157},"17":{"name":"(anonymous_17)","decl":{"start":{"line":158,"column":18},"end":{"line":158,"column":19}},"loc":{"start":{"line":158,"column":28},"end":{"line":163,"column":2}},"line":158},"18":{"name":"(anonymous_18)","decl":{"start":{"line":167,"column":21},"end":{"line":167,"column":22}},"loc":{"start":{"line":167,"column":29},"end":{"line":176,"column":1}},"line":167},"19":{"name":"(anonymous_19)","decl":{"start":{"line":168,"column":18},"end":{"line":168,"column":19}},"loc":{"start":{"line":168,"column":28},"end":{"line":173,"column":2}},"line":168},"20":{"name":"(anonymous_20)","decl":{"start":{"line":178,"column":17},"end":{"line":178,"column":18}},"loc":{"start":{"line":178,"column":32},"end":{"line":208,"column":1}},"line":178},"21":{"name":"(anonymous_21)","decl":{"start":{"line":187,"column":19},"end":{"line":187,"column":20}},"loc":{"start":{"line":187,"column":29},"end":{"line":195,"column":3}},"line":187},"22":{"name":"(anonymous_22)","decl":{"start":{"line":197,"column":28},"end":{"line":197,"column":29}},"loc":{"start":{"line":197,"column":46},"end":{"line":199,"column":3}},"line":197},"23":{"name":"(anonymous_23)","decl":{"start":{"line":201,"column":28},"end":{"line":201,"column":29}},"loc":{"start":{"line":201,"column":46},"end":{"line":203,"column":3}},"line":201},"24":{"name":"getTime","decl":{"start":{"line":210,"column":9},"end":{"line":210,"column":16}},"loc":{"start":{"line":210,"column":19},"end":{"line":226,"column":1}},"line":210},"25":{"name":"(anonymous_25)","decl":{"start":{"line":228,"column":46},"end":{"line":228,"column":47}},"loc":{"start":{"line":228,"column":58},"end":{"line":263,"column":1}},"line":228},"26":{"name":"(anonymous_26)","decl":{"start":{"line":230,"column":37},"end":{"line":230,"column":38}},"loc":{"start":{"line":230,"column":43},"end":{"line":232,"column":2}},"line":230},"27":{"name":"(anonymous_27)","decl":{"start":{"line":235,"column":43},"end":{"line":235,"column":44}},"loc":{"start":{"line":235,"column":50},"end":{"line":243,"column":2}},"line":235},"28":{"name":"updateForm","decl":{"start":{"line":245,"column":10},"end":{"line":245,"column":20}},"loc":{"start":{"line":245,"column":38},"end":{"line":251,"column":2}},"line":245},"29":{"name":"(anonymous_29)","decl":{"start":{"line":254,"column":35},"end":{"line":254,"column":36}},"loc":{"start":{"line":254,"column":42},"end":{"line":262,"column":2}},"line":254}},"branchMap":{"0":{"loc":{"start":{"line":91,"column":2},"end":{"line":100,"column":3}},"type":"if","locations":[{"start":{"line":91,"column":2},"end":{"line":100,"column":3}},{"start":{"line":91,"column":2},"end":{"line":100,"column":3}}],"line":91},"1":{"loc":{"start":{"line":94,"column":9},"end":{"line":100,"column":3}},"type":"if","locations":[{"start":{"line":94,"column":9},"end":{"line":100,"column":3}},{"start":{"line":94,"column":9},"end":{"line":100,"column":3}}],"line":94},"2":{"loc":{"start":{"line":104,"column":2},"end":{"line":110,"column":3}},"type":"if","locations":[{"start":{"line":104,"column":2},"end":{"line":110,"column":3}},{"start":{"line":104,"column":2},"end":{"line":110,"column":3}}],"line":104},"3":{"loc":{"start":{"line":116,"column":2},"end":{"line":118,"column":3}},"type":"if","locations":[{"start":{"line":116,"column":2},"end":{"line":118,"column":3}},{"start":{"line":116,"column":2},"end":{"line":118,"column":3}}],"line":116},"4":{"loc":{"start":{"line":128,"column":2},"end":{"line":131,"column":3}},"type":"if","locations":[{"start":{"line":128,"column":2},"end":{"line":131,"column":3}},{"start":{"line":128,"column":2},"end":{"line":131,"column":3}}],"line":128},"5":{"loc":{"start":{"line":139,"column":2},"end":{"line":143,"column":3}},"type":"if","locations":[{"start":{"line":139,"column":2},"end":{"line":143,"column":3}},{"start":{"line":139,"column":2},"end":{"line":143,"column":3}}],"line":139},"6":{"loc":{"start":{"line":149,"column":2},"end":{"line":152,"column":3}},"type":"if","locations":[{"start":{"line":149,"column":2},"end":{"line":152,"column":3}},{"start":{"line":149,"column":2},"end":{"line":152,"column":3}}],"line":149},"7":{"loc":{"start":{"line":159,"column":2},"end":{"line":162,"column":3}},"type":"if","locations":[{"start":{"line":159,"column":2},"end":{"line":162,"column":3}},{"start":{"line":159,"column":2},"end":{"line":162,"column":3}}],"line":159},"8":{"loc":{"start":{"line":169,"column":2},"end":{"line":172,"column":3}},"type":"if","locations":[{"start":{"line":169,"column":2},"end":{"line":172,"column":3}},{"start":{"line":169,"column":2},"end":{"line":172,"column":3}}],"line":169},"9":{"loc":{"start":{"line":182,"column":1},"end":{"line":184,"column":2}},"type":"if","locations":[{"start":{"line":182,"column":1},"end":{"line":184,"column":2}},{"start":{"line":182,"column":1},"end":{"line":184,"column":2}}],"line":182},"10":{"loc":{"start":{"line":185,"column":1},"end":{"line":204,"column":2}},"type":"if","locations":[{"start":{"line":185,"column":1},"end":{"line":204,"column":2}},{"start":{"line":185,"column":1},"end":{"line":204,"column":2}}],"line":185},"11":{"loc":{"start":{"line":188,"column":3},"end":{"line":194,"column":4}},"type":"if","locations":[{"start":{"line":188,"column":3},"end":{"line":194,"column":4}},{"start":{"line":188,"column":3},"end":{"line":194,"column":4}}],"line":188},"12":{"loc":{"start":{"line":196,"column":8},"end":{"line":204,"column":2}},"type":"if","locations":[{"start":{"line":196,"column":8},"end":{"line":204,"column":2}},{"start":{"line":196,"column":8},"end":{"line":204,"column":2}}],"line":196}},"s":{"0":1,"1":1,"2":1,"3":1,"4":0,"5":0,"6":0,"7":0,"8":0,"9":0,"10":0,"11":0,"12":0,"13":0,"14":0,"15":0,"16":0,"17":0,"18":0,"19":0,"20":0,"21":0,"22":0,"23":0,"24":0,"25":0,"26":0,"27":0,"28":0,"29":0,"30":0,"31":0,"32":0,"33":0,"34":0,"35":0,"36":0,"37":0,"38":0,"39":0,"40":0,"41":0,"42":0,"43":0,"44":0,"45":0,"46":0,"47":0,"48":0,"49":0,"50":0,"51":0,"52":0,"53":0,"54":0,"55":0,"56":0,"57":0,"58":0,"59":0,"60":0,"61":0,"62":0,"63":0,"64":1,"65":1,"66":1,"67":0,"68":1,"69":1,"70":1,"71":1,"72":1,"73":1,"74":1,"75":1,"76":1,"77":0,"78":0,"79":0,"80":0,"81":0,"82":0,"83":0,"84":0,"85":0,"86":0,"87":0,"88":1,"89":0,"90":0,"91":0,"92":0,"93":0,"94":1,"95":0,"96":0,"97":0,"98":0,"99":0,"100":1,"101":0,"102":0,"103":0,"104":0,"105":0,"106":0,"107":0,"108":0,"109":0,"110":0,"111":0,"112":0,"113":0,"114":0,"115":0,"116":0,"117":0,"118":0,"119":0,"120":0,"121":0,"122":0,"123":1,"124":0,"125":0,"126":0,"127":0,"128":0,"129":0,"130":0,"131":0,"132":0,"133":0,"134":0,"135":0,"136":0,"137":0,"138":0,"139":0,"140":0,"141":0,"142":0,"143":0,"144":0,"145":0,"146":0,"147":0,"148":0,"149":1},"f":{"0":0,"1":0,"2":0,"3":0,"4":0,"5":0,"6":0,"7":0,"8":1,"9":1,"10":1,"11":1,"12":0,"13":0,"14":0,"15":0,"16":0,"17":0,"18":0,"19":0,"20":0,"21":0,"22":0,"23":0,"24":0,"25":0,"26":0,"27":0,"28":0,"29":0},"b":{"0":[0,0],"1":[0,0],"2":[0,0],"3":[0,1],"4":[1,0],"5":[0,0],"6":[0,0],"7":[0,0],"8":[0,0],"9":[0,0],"10":[0,0],"11":[0,0],"12":[0,0]},"_coverageSchema":"1a1c01bbd47fc00a2c39e90264f33305004495a9","hash":"48ba33fa0f2b4722affa739057a2b1bb4cc2739d"}
}
